<?xml version="1.0" encoding="UTF-8"?>
<testng-results skipped="0" failed="1" ignored="0" total="4" passed="3">
  <reporter-output>
  </reporter-output>
  <suite name="Suite" duration-ms="302116" started-at="2022-09-05T15:28:53 CEST" finished-at="2022-09-05T15:33:55 CEST">
    <groups>
    </groups>
    <test name="Test" duration-ms="302116" started-at="2022-09-05T15:28:53 CEST" finished-at="2022-09-05T15:33:55 CEST">
      <class name="QAclickacademy.E2EProject.basepagenavigation">
        <test-method status="PASS" signature="startBrowser()[pri:0, instance:QAclickacademy.E2EProject.basepagenavigation@49438269]" name="startBrowser" is-config="true" duration-ms="12903" started-at="2022-09-05T15:29:41 CEST" finished-at="2022-09-05T15:29:54 CEST">
          <reporter-output>
          </reporter-output>
        </test-method> <!-- startBrowser -->
        <test-method status="PASS" signature="homepage(java.lang.String,java.lang.String)[pri:0, instance:QAclickacademy.E2EProject.basepagenavigation@49438269]" name="homepage" duration-ms="65362" started-at="2022-09-05T15:30:49 CEST" data-provider="getData" finished-at="2022-09-05T15:31:54 CEST">
          <params>
            <param index="0">
              <value>
                <![CDATA[user1]]>
              </value>
            </param>
            <param index="1">
              <value>
                <![CDATA[pwd1]]>
              </value>
            </param>
          </params>
          <reporter-output>
          </reporter-output>
        </test-method> <!-- homepage -->
        <test-method status="FAIL" signature="homepage(java.lang.String,java.lang.String)[pri:0, instance:QAclickacademy.E2EProject.basepagenavigation@49438269]" name="homepage" duration-ms="71195" started-at="2022-09-05T15:31:54 CEST" data-provider="getData" finished-at="2022-09-05T15:33:06 CEST">
          <params>
            <param index="0">
              <value>
                <![CDATA[user2]]>
              </value>
            </param>
            <param index="1">
              <value>
                <![CDATA[pwd2]]>
              </value>
            </param>
          </params>
          <exception class="org.openqa.selenium.NoSuchElementException">
            <message>
              <![CDATA[no such element: Unable to locate element: {"method":"xpath","selector":"//button[text()="NO THANKS"]"}
  (Session info: chrome=105.0.5195.102)
For documentation on this error, please visit: https://selenium.dev/exceptions/#no_such_element
Build info: version: '4.3.0', revision: 'a4995e2c09*'
System info: host: 'DESKTOP-52U497D', ip: '192.168.254.153', os.name: 'Windows 10', os.arch: 'amd64', os.version: '10.0', java.version: '1.8.0_202'
Driver info: org.openqa.selenium.chrome.ChromeDriver
Command: [48fd6c9f96c1ed037184d5cfc5542d5c, findElement {using=xpath, value=//button[text()="NO THANKS"]}]
Capabilities {acceptInsecureCerts: false, browserName: chrome, browserVersion: 105.0.5195.102, chrome: {chromedriverVersion: 104.0.5112.79 (3cf3e8c8a07d..., userDataDir: C:\Users\Rohini\AppData\Loc...}, goog:chromeOptions: {debuggerAddress: localhost:54240}, networkConnectionEnabled: false, pageLoadStrategy: normal, platformName: WINDOWS, proxy: Proxy(), se:cdp: ws://localhost:54240/devtoo..., se:cdpVersion: 105.0.5195.102, setWindowRect: true, strictFileInteractability: false, timeouts: {implicit: 0, pageLoad: 300000, script: 30000}, unhandledPromptBehavior: dismiss and notify, webauthn:extension:credBlob: true, webauthn:extension:largeBlob: true, webauthn:virtualAuthenticators: true}
Session ID: 48fd6c9f96c1ed037184d5cfc5542d5c]]>
            </message>
            <full-stacktrace>
              <![CDATA[org.openqa.selenium.NoSuchElementException: no such element: Unable to locate element: {"method":"xpath","selector":"//button[text()="NO THANKS"]"}
  (Session info: chrome=105.0.5195.102)
For documentation on this error, please visit: https://selenium.dev/exceptions/#no_such_element
Build info: version: '4.3.0', revision: 'a4995e2c09*'
System info: host: 'DESKTOP-52U497D', ip: '192.168.254.153', os.name: 'Windows 10', os.arch: 'amd64', os.version: '10.0', java.version: '1.8.0_202'
Driver info: org.openqa.selenium.chrome.ChromeDriver
Command: [48fd6c9f96c1ed037184d5cfc5542d5c, findElement {using=xpath, value=//button[text()="NO THANKS"]}]
Capabilities {acceptInsecureCerts: false, browserName: chrome, browserVersion: 105.0.5195.102, chrome: {chromedriverVersion: 104.0.5112.79 (3cf3e8c8a07d..., userDataDir: C:\Users\Rohini\AppData\Loc...}, goog:chromeOptions: {debuggerAddress: localhost:54240}, networkConnectionEnabled: false, pageLoadStrategy: normal, platformName: WINDOWS, proxy: Proxy(), se:cdp: ws://localhost:54240/devtoo..., se:cdpVersion: 105.0.5195.102, setWindowRect: true, strictFileInteractability: false, timeouts: {implicit: 0, pageLoad: 300000, script: 30000}, unhandledPromptBehavior: dismiss and notify, webauthn:extension:credBlob: true, webauthn:extension:largeBlob: true, webauthn:virtualAuthenticators: true}
Session ID: 48fd6c9f96c1ed037184d5cfc5542d5c
at sun.reflect.NativeConstructorAccessorImpl.newInstance0(Native Method)
at sun.reflect.NativeConstructorAccessorImpl.newInstance(NativeConstructorAccessorImpl.java:62)
at sun.reflect.DelegatingConstructorAccessorImpl.newInstance(DelegatingConstructorAccessorImpl.java:45)
at java.lang.reflect.Constructor.newInstance(Constructor.java:423)
at org.openqa.selenium.remote.codec.w3c.W3CHttpResponseCodec.createException(W3CHttpResponseCodec.java:200)
at org.openqa.selenium.remote.codec.w3c.W3CHttpResponseCodec.decode(W3CHttpResponseCodec.java:133)
at org.openqa.selenium.remote.codec.w3c.W3CHttpResponseCodec.decode(W3CHttpResponseCodec.java:53)
at org.openqa.selenium.remote.HttpCommandExecutor.execute(HttpCommandExecutor.java:184)
at org.openqa.selenium.remote.service.DriverCommandExecutor.invokeExecute(DriverCommandExecutor.java:167)
at org.openqa.selenium.remote.service.DriverCommandExecutor.execute(DriverCommandExecutor.java:142)
at org.openqa.selenium.remote.RemoteWebDriver.execute(RemoteWebDriver.java:569)
at org.openqa.selenium.remote.ElementLocation$ElementFinder$2.findElement(ElementLocation.java:162)
at org.openqa.selenium.remote.ElementLocation.findElement(ElementLocation.java:60)
at org.openqa.selenium.remote.RemoteWebDriver.findElement(RemoteWebDriver.java:387)
at org.openqa.selenium.remote.RemoteWebDriver.findElement(RemoteWebDriver.java:379)
at org.openqa.selenium.support.pagefactory.DefaultElementLocator.findElement(DefaultElementLocator.java:70)
at org.openqa.selenium.support.pagefactory.internal.LocatingElementHandler.invoke(LocatingElementHandler.java:39)
at com.sun.proxy.$Proxy18.click(Unknown Source)
at PageObjects.LandingPage.clickonpopup(LandingPage.java:34)
at QAclickacademy.E2EProject.basepagenavigation.homepage(basepagenavigation.java:38)
at sun.reflect.NativeMethodAccessorImpl.invoke0(Native Method)
at sun.reflect.NativeMethodAccessorImpl.invoke(NativeMethodAccessorImpl.java:62)
at sun.reflect.DelegatingMethodAccessorImpl.invoke(DelegatingMethodAccessorImpl.java:43)
at java.lang.reflect.Method.invoke(Method.java:498)
at org.testng.internal.MethodInvocationHelper.invokeMethod(MethodInvocationHelper.java:133)
at org.testng.internal.TestInvoker.invokeMethod(TestInvoker.java:598)
at org.testng.internal.TestInvoker.invokeTestMethod(TestInvoker.java:173)
at org.testng.internal.MethodRunner.runInSequence(MethodRunner.java:46)
at org.testng.internal.TestInvoker$MethodInvocationAgent.invoke(TestInvoker.java:824)
at org.testng.internal.TestInvoker.invokeTestMethods(TestInvoker.java:146)
at org.testng.internal.TestMethodWorker.invokeTestMethods(TestMethodWorker.java:146)
at org.testng.internal.TestMethodWorker.run(TestMethodWorker.java:128)
at java.util.ArrayList.forEach(ArrayList.java:1257)
at org.testng.TestRunner.privateRun(TestRunner.java:794)
at org.testng.TestRunner.run(TestRunner.java:596)
at org.testng.SuiteRunner.runTest(SuiteRunner.java:377)
at org.testng.SuiteRunner.runSequentially(SuiteRunner.java:371)
at org.testng.SuiteRunner.privateRun(SuiteRunner.java:332)
at org.testng.SuiteRunner.run(SuiteRunner.java:276)
at org.testng.SuiteRunnerWorker.runSuite(SuiteRunnerWorker.java:53)
at org.testng.SuiteRunnerWorker.run(SuiteRunnerWorker.java:96)
at org.testng.TestNG.runSuitesSequentially(TestNG.java:1212)
at org.testng.TestNG.runSuitesLocally(TestNG.java:1134)
at org.testng.TestNG.runSuites(TestNG.java:1063)
at org.testng.TestNG.run(TestNG.java:1031)
at org.apache.maven.surefire.testng.TestNGExecutor.run(TestNGExecutor.java:324)
at org.apache.maven.surefire.testng.TestNGXmlTestSuite.execute(TestNGXmlTestSuite.java:74)
at org.apache.maven.surefire.testng.TestNGProvider.invoke(TestNGProvider.java:123)
at org.apache.maven.surefire.booter.ForkedBooter.runSuitesInProcess(ForkedBooter.java:456)
at org.apache.maven.surefire.booter.ForkedBooter.execute(ForkedBooter.java:169)
at org.apache.maven.surefire.booter.ForkedBooter.run(ForkedBooter.java:595)
at org.apache.maven.surefire.booter.ForkedBooter.main(ForkedBooter.java:581)
]]>
            </full-stacktrace>
          </exception> <!-- org.openqa.selenium.NoSuchElementException -->
          <reporter-output>
          </reporter-output>
        </test-method> <!-- homepage -->
        <test-method status="PASS" signature="closedriver()[pri:0, instance:QAclickacademy.E2EProject.basepagenavigation@49438269]" name="closedriver" is-config="true" duration-ms="1372" started-at="2022-09-05T15:33:54 CEST" finished-at="2022-09-05T15:33:55 CEST">
          <reporter-output>
          </reporter-output>
        </test-method> <!-- closedriver -->
      </class> <!-- QAclickacademy.E2EProject.basepagenavigation -->
      <class name="QAclickacademy.E2EProject.ValidateNavigationbar">
        <test-method status="PASS" signature="startBrowser()[pri:0, instance:QAclickacademy.E2EProject.ValidateNavigationbar@367ffa75]" name="startBrowser" is-config="true" duration-ms="24687" started-at="2022-09-05T15:28:53 CEST" finished-at="2022-09-05T15:29:18 CEST">
          <reporter-output>
          </reporter-output>
        </test-method> <!-- startBrowser -->
        <test-method status="PASS" signature="validatenavbar()[pri:0, instance:QAclickacademy.E2EProject.ValidateNavigationbar@367ffa75]" name="validatenavbar" duration-ms="8565" started-at="2022-09-05T15:30:40 CEST" finished-at="2022-09-05T15:30:49 CEST">
          <reporter-output>
          </reporter-output>
        </test-method> <!-- validatenavbar -->
        <test-method status="PASS" signature="shutdriver()[pri:0, instance:QAclickacademy.E2EProject.ValidateNavigationbar@367ffa75]" name="shutdriver" is-config="true" duration-ms="44010" started-at="2022-09-05T15:33:06 CEST" finished-at="2022-09-05T15:33:50 CEST">
          <reporter-output>
          </reporter-output>
        </test-method> <!-- shutdriver -->
      </class> <!-- QAclickacademy.E2EProject.ValidateNavigationbar -->
      <class name="QAclickacademy.E2EProject.ValidateTitle">
        <test-method status="PASS" signature="startBrowser()[pri:0, instance:QAclickacademy.E2EProject.ValidateTitle@4b2bac3f]" name="startBrowser" is-config="true" duration-ms="23587" started-at="2022-09-05T15:29:18 CEST" finished-at="2022-09-05T15:29:41 CEST">
          <reporter-output>
          </reporter-output>
        </test-method> <!-- startBrowser -->
        <test-method status="PASS" signature="basepagevalidation()[pri:0, instance:QAclickacademy.E2EProject.ValidateTitle@4b2bac3f]" name="basepagevalidation" duration-ms="46030" started-at="2022-09-05T15:29:54 CEST" finished-at="2022-09-05T15:30:40 CEST">
          <reporter-output>
          </reporter-output>
        </test-method> <!-- basepagevalidation -->
        <test-method status="PASS" signature="shutdriver()[pri:0, instance:QAclickacademy.E2EProject.ValidateTitle@4b2bac3f]" name="shutdriver" is-config="true" duration-ms="3837" started-at="2022-09-05T15:33:50 CEST" finished-at="2022-09-05T15:33:54 CEST">
          <reporter-output>
          </reporter-output>
        </test-method> <!-- shutdriver -->
      </class> <!-- QAclickacademy.E2EProject.ValidateTitle -->
    </test> <!-- Test -->
  </suite> <!-- Suite -->
</testng-results>
